<?xml version="1.0" encoding="UTF-8"?>
<!-- Generated by org.testng.reporters.JUnitXMLReporter -->
<testsuite ignored="1" hostname="DESKTOP-220FLGH" failures="0" tests="3" name="Test" time="0.083" errors="0" timestamp="2023-08-26T14:25:56 IST">
  <testcase classname="grouping.GroupingDemo" name="tc2" time="0.012"/>
  <testcase classname="grouping.GroupingDemo" name="tc3" time="0.003"/>
  <testcase classname="grouping.GroupingDemo" name="tc4" time="0.003"/>
  <testcase classname="grouping.GroupingDemo" name="tc1" time="0.0">
    <ignored/>
  </testcase> <!-- tc1 -->
</testsuite> <!-- Test -->
